INFO: Logger initialized [Thu May 04 15:27:06 CEST 2023]
INFO: WA0000 enters colony [Thu May 04 15:27:07 CEST 2023]
INFO: WA0001 enters colony [Thu May 04 15:27:09 CEST 2023]
INFO: WA0001 exit colony [Thu May 04 15:27:09 CEST 2023]
INFO: WA0002 enters colony [Thu May 04 15:27:12 CEST 2023]
INFO: SA0000 enters colony [Thu May 04 15:27:13 CEST 2023]
INFO: SA0000 is training [Thu May 04 15:27:13 CEST 2023]
INFO: WA0001 harvest food [Thu May 04 15:27:13 CEST 2023]
INFO: WA0001 enters colony [Thu May 04 15:27:13 CEST 2023]
INFO: BA0000 enters colony [Thu May 04 15:27:16 CEST 2023]
INFO: SA0000 is resting [Thu May 04 15:27:16 CEST 2023]
INFO: Now food at storage: 5 [Thu May 04 15:27:17 CEST 2023]
INFO: Now food at storage: 0 [Thu May 04 15:27:17 CEST 2023]
INFO: WA0001 places food at storage [Thu May 04 15:27:17 CEST 2023]
INFO: WA0000 gets food from storage [Thu May 04 15:27:17 CEST 2023]
INFO: WA0001 exit colony [Thu May 04 15:27:17 CEST 2023]
INFO: SA0000 is training [Thu May 04 15:27:18 CEST 2023]
INFO: WA0003 enters colony [Thu May 04 15:27:19 CEST 2023]
INFO: WA0003 exit colony [Thu May 04 15:27:19 CEST 2023]
INFO: Now food at EATING AREA: 6 [Thu May 04 15:27:20 CEST 2023]
INFO: Now food at EATING AREA: 6 [Thu May 04 15:27:20 CEST 2023]
INFO: WA0000 places food at eating area [Thu May 04 15:27:20 CEST 2023]
INFO: WA0001 harvest food [Thu May 04 15:27:21 CEST 2023]
INFO: WA0001 enters colony [Thu May 04 15:27:21 CEST 2023]
INFO: WA0004 enters colony [Thu May 04 15:27:22 CEST 2023]
INFO: WA0003 harvest food [Thu May 04 15:27:23 CEST 2023]
INFO: WA0003 enters colony [Thu May 04 15:27:23 CEST 2023]
INFO: Now food at storage: 5 [Thu May 04 15:27:25 CEST 2023]
INFO: Now food at storage: 0 [Thu May 04 15:27:25 CEST 2023]
INFO: WA0001 places food at storage [Thu May 04 15:27:25 CEST 2023]
INFO: WA0002 gets food from storage [Thu May 04 15:27:25 CEST 2023]
INFO: WA0001 exit colony [Thu May 04 15:27:25 CEST 2023]
INFO: SA0001 enters colony [Thu May 04 15:27:25 CEST 2023]
INFO: SA0001 is training [Thu May 04 15:27:25 CEST 2023]
INFO: SA0000 is resting [Thu May 04 15:27:26 CEST 2023]
INFO: Now food at storage: 5 [Thu May 04 15:27:26 CEST 2023]
INFO: Now food at storage: 0 [Thu May 04 15:27:26 CEST 2023]
INFO: WA0003 places food at storage [Thu May 04 15:27:26 CEST 2023]
INFO: WA0000 gets food from storage [Thu May 04 15:27:26 CEST 2023]
INFO: WA0003 exit colony [Thu May 04 15:27:26 CEST 2023]
INFO: BA0001 enters colony [Thu May 04 15:27:26 CEST 2023]
INFO: Now food at EATING AREA: 2 [Thu May 04 15:27:26 CEST 2023]
INFO: Now food at EATING AREA: 12 [Thu May 04 15:27:27 CEST 2023]
INFO: WA0002 places food at eating area [Thu May 04 15:27:27 CEST 2023]
INFO: Now food at EATING AREA: 8 [Thu May 04 15:27:28 CEST 2023]
INFO: SA0000 is training [Thu May 04 15:27:28 CEST 2023]
INFO: WA0001 harvest food [Thu May 04 15:27:29 CEST 2023]
INFO: WA0001 enters colony [Thu May 04 15:27:29 CEST 2023]
INFO: WA0005 enters colony [Thu May 04 15:27:29 CEST 2023]
INFO: WA0005 exit colony [Thu May 04 15:27:29 CEST 2023]
INFO: Now food at EATING AREA: 18 [Thu May 04 15:27:30 CEST 2023]
INFO: WA0000 places food at eating area [Thu May 04 15:27:30 CEST 2023]
INFO: WA0003 harvest food [Thu May 04 15:27:30 CEST 2023]
INFO: WA0003 enters colony [Thu May 04 15:27:30 CEST 2023]
INFO: WA0006 enters colony [Thu May 04 15:27:32 CEST 2023]
INFO: SA0001 is resting [Thu May 04 15:27:32 CEST 2023]
INFO: Now food at storage: 5 [Thu May 04 15:27:32 CEST 2023]
INFO: Now food at storage: 0 [Thu May 04 15:27:32 CEST 2023]
INFO: WA0004 gets food from storage [Thu May 04 15:27:32 CEST 2023]
INFO: WA0001 places food at storage [Thu May 04 15:27:32 CEST 2023]
INFO: Now food at storage: 0 [Thu May 04 15:27:32 CEST 2023]
INFO: Now food at storage: 5 [Thu May 04 15:27:32 CEST 2023]
INFO: WA0002 gets food from storage [Thu May 04 15:27:32 CEST 2023]
INFO: WA0003 places food at storage [Thu May 04 15:27:32 CEST 2023]
INFO: WA0001 exit colony [Thu May 04 15:27:32 CEST 2023]
INFO: WA0003 exit colony [Thu May 04 15:27:32 CEST 2023]
INFO: WA0005 harvest food [Thu May 04 15:27:33 CEST 2023]
INFO: Now food at EATING AREA: 14 [Thu May 04 15:27:33 CEST 2023]
INFO: WA0005 enters colony [Thu May 04 15:27:33 CEST 2023]
INFO: SA0000 is resting [Thu May 04 15:27:34 CEST 2023]
INFO: SA0001 is training [Thu May 04 15:27:34 CEST 2023]
INFO: SA0002 enters colony [Thu May 04 15:27:35 CEST 2023]
INFO: SA0002 is training [Thu May 04 15:27:35 CEST 2023]
INFO: Now food at EATING AREA: 24 [Thu May 04 15:27:35 CEST 2023]
INFO: WA0002 places food at eating area [Thu May 04 15:27:35 CEST 2023]
INFO: Now food at EATING AREA: 20 [Thu May 04 15:27:36 CEST 2023]
INFO: SA0000 is training [Thu May 04 15:27:36 CEST 2023]
INFO: Now food at EATING AREA: 30 [Thu May 04 15:27:36 CEST 2023]
INFO: WA0004 places food at eating area [Thu May 04 15:27:36 CEST 2023]
INFO: WA0001 harvest food [Thu May 04 15:27:36 CEST 2023]
INFO: WA0003 harvest food [Thu May 04 15:27:36 CEST 2023]
INFO: WA0001 enters colony [Thu May 04 15:27:37 CEST 2023]
INFO: WA0003 enters colony [Thu May 04 15:27:37 CEST 2023]
INFO: Now food at storage: 0 [Thu May 04 15:27:37 CEST 2023]
INFO: Now food at storage: 0 [Thu May 04 15:27:37 CEST 2023]
INFO: WA0000 gets food from storage [Thu May 04 15:27:37 CEST 2023]
INFO: WA0005 places food at storage [Thu May 04 15:27:37 CEST 2023]
INFO: WA0005 exit colony [Thu May 04 15:27:37 CEST 2023]
INFO: BA0002 enters colony [Thu May 04 15:27:38 CEST 2023]
INFO: Now food at EATING AREA: 26 [Thu May 04 15:27:38 CEST 2023]
INFO: WA0007 enters colony [Thu May 04 15:27:39 CEST 2023]
INFO: WA0007 exit colony [Thu May 04 15:27:39 CEST 2023]
INFO: Now food at storage: 5 [Thu May 04 15:27:40 CEST 2023]
INFO: Now food at storage: 0 [Thu May 04 15:27:40 CEST 2023]
INFO: WA0006 gets food from storage [Thu May 04 15:27:40 CEST 2023]
INFO: WA0001 places food at storage [Thu May 04 15:27:40 CEST 2023]
INFO: Now food at storage: 5 [Thu May 04 15:27:40 CEST 2023]
INFO: WA0003 places food at storage [Thu May 04 15:27:40 CEST 2023]
INFO: Now food at storage: 0 [Thu May 04 15:27:40 CEST 2023]
INFO: WA0002 gets food from storage [Thu May 04 15:27:40 CEST 2023]
INFO: WA0001 exit colony [Thu May 04 15:27:40 CEST 2023]
INFO: WA0003 exit colony [Thu May 04 15:27:40 CEST 2023]
INFO: Now food at EATING AREA: 36 [Thu May 04 15:27:41 CEST 2023]
INFO: WA0000 places food at eating area [Thu May 04 15:27:41 CEST 2023]
INFO: SA0001 is resting [Thu May 04 15:27:41 CEST 2023]
INFO: SA0002 is resting [Thu May 04 15:27:41 CEST 2023]
INFO: WA0005 harvest food [Thu May 04 15:27:41 CEST 2023]
INFO: WA0005 enters colony [Thu May 04 15:27:41 CEST 2023]
INFO: Now food at EATING AREA: 32 [Thu May 04 15:27:41 CEST 2023]
INFO: WA0008 enters colony [Thu May 04 15:27:41 CEST 2023]
INFO: SA0003 enters colony [Thu May 04 15:27:42 CEST 2023]
INFO: SA0003 is training [Thu May 04 15:27:42 CEST 2023]
INFO: SA0001 is training [Thu May 04 15:27:43 CEST 2023]
INFO: WA0007 harvest food [Thu May 04 15:27:43 CEST 2023]
INFO: WA0007 enters colony [Thu May 04 15:27:43 CEST 2023]
INFO: SA0000 is resting [Thu May 04 15:27:43 CEST 2023]
INFO: SA0002 is training [Thu May 04 15:27:43 CEST 2023]
INFO: Now food at EATING AREA: 42 [Thu May 04 15:27:44 CEST 2023]
INFO: WA0002 places food at eating area [Thu May 04 15:27:44 CEST 2023]
INFO: Now food at EATING AREA: 52 [Thu May 04 15:27:44 CEST 2023]
INFO: WA0006 places food at eating area [Thu May 04 15:27:44 CEST 2023]
INFO: BA0003 enters colony [Thu May 04 15:27:44 CEST 2023]
INFO: Now food at EATING AREA: 48 [Thu May 04 15:27:44 CEST 2023]
INFO: Now food at EATING AREA: 44 [Thu May 04 15:27:44 CEST 2023]
INFO: WA0001 harvest food [Thu May 04 15:27:44 CEST 2023]
INFO: WA0003 harvest food [Thu May 04 15:27:44 CEST 2023]
INFO: Now food at storage: 5 [Thu May 04 15:27:44 CEST 2023]
INFO: Now food at storage: 0 [Thu May 04 15:27:44 CEST 2023]
INFO: WA0005 places food at storage [Thu May 04 15:27:44 CEST 2023]
INFO: WA0004 gets food from storage [Thu May 04 15:27:44 CEST 2023]
INFO: WA0001 enters colony [Thu May 04 15:27:44 CEST 2023]
INFO: WA0005 exit colony [Thu May 04 15:27:44 CEST 2023]
INFO: WA0003 enters colony [Thu May 04 15:27:45 CEST 2023]
INFO: SA0003 is resting [Thu May 04 15:27:45 CEST 2023]
INFO: SA0000 is training [Thu May 04 15:27:45 CEST 2023]
INFO: Now food at EATING AREA: 40 [Thu May 04 15:27:46 CEST 2023]
INFO: Now food at storage: 0 [Thu May 04 15:27:46 CEST 2023]
INFO: Now food at storage: 5 [Thu May 04 15:27:46 CEST 2023]
INFO: WA0000 gets food from storage [Thu May 04 15:27:46 CEST 2023]
INFO: WA0007 places food at storage [Thu May 04 15:27:46 CEST 2023]
INFO: WA0009 enters colony [Thu May 04 15:27:47 CEST 2023]
INFO: WA0007 exit colony [Thu May 04 15:27:47 CEST 2023]
INFO: WA0009 exit colony [Thu May 04 15:27:47 CEST 2023]
INFO: Now food at storage: 5 [Thu May 04 15:27:47 CEST 2023]
INFO: Now food at storage: 0 [Thu May 04 15:27:47 CEST 2023]
INFO: WA0001 places food at storage [Thu May 04 15:27:47 CEST 2023]
INFO: WA0008 gets food from storage [Thu May 04 15:27:47 CEST 2023]
INFO: WA0001 exit colony [Thu May 04 15:27:47 CEST 2023]
INFO: Now food at EATING AREA: 50 [Thu May 04 15:27:47 CEST 2023]
INFO: WA0004 places food at eating area [Thu May 04 15:27:47 CEST 2023]
