INFO: Logger initialized [Thu May 04 15:45:05 CEST 2023]
INFO: WA0000 enters colony [Thu May 04 15:45:06 CEST 2023]
INFO: WA0001 enters colony [Thu May 04 15:45:07 CEST 2023]
INFO: WA0001 exit colony [Thu May 04 15:45:07 CEST 2023]
INFO: WA0002 enters colony [Thu May 04 15:45:10 CEST 2023]
INFO: WA0001 harvest food [Thu May 04 15:45:11 CEST 2023]
INFO: WA0001 enters colony [Thu May 04 15:45:11 CEST 2023]
INFO: SA0000 enters colony [Thu May 04 15:45:13 CEST 2023]
INFO: SA0000 is training [Thu May 04 15:45:13 CEST 2023]
INFO: Now food at storage: 0 [Thu May 04 15:45:15 CEST 2023]
INFO: Now food at storage: 0 [Thu May 04 15:45:15 CEST 2023]
INFO: WA0001 places food at storage [Thu May 04 15:45:15 CEST 2023]
INFO: WA0000 gets food from storage [Thu May 04 15:45:15 CEST 2023]
INFO: WA0001 exit colony [Thu May 04 15:45:15 CEST 2023]
INFO: BA0000 enters colony [Thu May 04 15:45:15 CEST 2023]
INFO: WA0003 enters colony [Thu May 04 15:45:17 CEST 2023]
INFO: WA0003 exit colony [Thu May 04 15:45:17 CEST 2023]
INFO: Now food at EATING AREA: 10 [Thu May 04 15:45:18 CEST 2023]
INFO: WA0000 places food at eating area [Thu May 04 15:45:18 CEST 2023]
INFO: Now food at EATING AREA: 6 [Thu May 04 15:45:18 CEST 2023]
INFO: WA0004 enters colony [Thu May 04 15:45:18 CEST 2023]
INFO: WA0001 harvest food [Thu May 04 15:45:19 CEST 2023]
INFO: WA0001 enters colony [Thu May 04 15:45:19 CEST 2023]
INFO: SA0000 is resting [Thu May 04 15:45:20 CEST 2023]
INFO: WA0003 harvest food [Thu May 04 15:45:21 CEST 2023]
INFO: WA0003 enters colony [Thu May 04 15:45:21 CEST 2023]
INFO: SA0001 enters colony [Thu May 04 15:45:21 CEST 2023]
INFO: SA0001 is training [Thu May 04 15:45:21 CEST 2023]
INFO: Now food at storage: 5 [Thu May 04 15:45:21 CEST 2023]
INFO: Now food at storage: 0 [Thu May 04 15:45:21 CEST 2023]
INFO: WA0001 places food at storage [Thu May 04 15:45:21 CEST 2023]
INFO: WA0002 gets food from storage [Thu May 04 15:45:21 CEST 2023]
INFO: WA0001 exit colony [Thu May 04 15:45:21 CEST 2023]
INFO: SA0000 is training [Thu May 04 15:45:22 CEST 2023]
INFO: Now food at storage: 0 [Thu May 04 15:45:23 CEST 2023]
INFO: Now food at storage: 0 [Thu May 04 15:45:23 CEST 2023]
INFO: WA0003 places food at storage [Thu May 04 15:45:23 CEST 2023]
INFO: WA0004 gets food from storage [Thu May 04 15:45:23 CEST 2023]
INFO: WA0003 exit colony [Thu May 04 15:45:23 CEST 2023]
INFO: BA0001 enters colony [Thu May 04 15:45:24 CEST 2023]
INFO: Now food at EATING AREA: 2 [Thu May 04 15:45:24 CEST 2023]
INFO: Now food at EATING AREA: 12 [Thu May 04 15:45:25 CEST 2023]
INFO: WA0002 places food at eating area [Thu May 04 15:45:25 CEST 2023]
INFO: WA0001 harvest food [Thu May 04 15:45:25 CEST 2023]
INFO: WA0001 enters colony [Thu May 04 15:45:25 CEST 2023]
INFO: SA0000 is resting [Thu May 04 15:45:25 CEST 2023]
INFO: Now food at EATING AREA: 8 [Thu May 04 15:45:26 CEST 2023]
INFO: SA0001 is resting [Thu May 04 15:45:26 CEST 2023]
INFO: Now food at EATING AREA: 18 [Thu May 04 15:45:26 CEST 2023]
INFO: WA0004 places food at eating area [Thu May 04 15:45:26 CEST 2023]
INFO: WA0005 enters colony [Thu May 04 15:45:27 CEST 2023]
INFO: WA0005 exit colony [Thu May 04 15:45:27 CEST 2023]
INFO: WA0003 harvest food [Thu May 04 15:45:27 CEST 2023]
INFO: THREAT [Thu May 04 15:45:27 CEST 2023]
INFO: SA0001 ant interrupted [Thu May 04 15:45:27 CEST 2023]
INFO: SA0000 ant interrupted [Thu May 04 15:45:27 CEST 2023]
INFO: WA0003 enters colony [Thu May 04 15:45:27 CEST 2023]
INFO: SA0001 is dealing with the threat [Thu May 04 15:45:27 CEST 2023]
INFO: SA0000 is dealing with the threat [Thu May 04 15:45:27 CEST 2023]
INFO: SA0001 has arrived [Thu May 04 15:45:27 CEST 2023]
INFO: SA0000 has arrived [Thu May 04 15:45:27 CEST 2023]
INFO: SA0000 is fighting [Thu May 04 15:45:27 CEST 2023]
INFO: SA0001 is fighting [Thu May 04 15:45:27 CEST 2023]
INFO: WA0006 enters colony [Thu May 04 15:45:29 CEST 2023]
INFO: Now food at storage: 5 [Thu May 04 15:45:29 CEST 2023]
INFO: Now food at storage: 0 [Thu May 04 15:45:29 CEST 2023]
INFO: WA0001 places food at storage [Thu May 04 15:45:29 CEST 2023]
INFO: WA0000 gets food from storage [Thu May 04 15:45:29 CEST 2023]
INFO: WA0001 exit colony [Thu May 04 15:45:29 CEST 2023]
INFO: WA0005 harvest food [Thu May 04 15:45:31 CEST 2023]
INFO: WA0005 enters colony [Thu May 04 15:45:31 CEST 2023]
INFO: Now food at storage: 0 [Thu May 04 15:45:31 CEST 2023]
INFO: WA0002 gets food from storage [Thu May 04 15:45:31 CEST 2023]
INFO: Now food at storage: 0 [Thu May 04 15:45:31 CEST 2023]
INFO: WA0003 places food at storage [Thu May 04 15:45:31 CEST 2023]
INFO: WA0003 exit colony [Thu May 04 15:45:31 CEST 2023]
INFO: SA0002 enters colony [Thu May 04 15:45:31 CEST 2023]
INFO: SA0002 is training [Thu May 04 15:45:31 CEST 2023]
INFO: Now food at EATING AREA: 28 [Thu May 04 15:45:31 CEST 2023]
INFO: WA0000 places food at eating area [Thu May 04 15:45:31 CEST 2023]
INFO: BA0001 goes to shelter [Thu May 04 15:45:32 CEST 2023]
INFO: BA0000 goes to shelter [Thu May 04 15:45:33 CEST 2023]
INFO: WA0001 harvest food [Thu May 04 15:45:33 CEST 2023]
INFO: WA0001 enters colony [Thu May 04 15:45:33 CEST 2023]
INFO: BA0002 enters colony [Thu May 04 15:45:33 CEST 2023]
INFO: BA0002 goes to shelter [Thu May 04 15:45:33 CEST 2023]
INFO: Now food at EATING AREA: 38 [Thu May 04 15:45:34 CEST 2023]
INFO: WA0002 places food at eating area [Thu May 04 15:45:34 CEST 2023]
INFO: Now food at storage: 5 [Thu May 04 15:45:34 CEST 2023]
INFO: Now food at storage: 0 [Thu May 04 15:45:34 CEST 2023]
INFO: WA0005 places food at storage [Thu May 04 15:45:34 CEST 2023]
INFO: WA0004 gets food from storage [Thu May 04 15:45:34 CEST 2023]
INFO: WA0005 exit colony [Thu May 04 15:45:34 CEST 2023]
INFO: WA0003 harvest food [Thu May 04 15:45:35 CEST 2023]
INFO: WA0003 enters colony [Thu May 04 15:45:35 CEST 2023]
INFO: WA0007 enters colony [Thu May 04 15:45:36 CEST 2023]
INFO: WA0007 exit colony [Thu May 04 15:45:36 CEST 2023]
INFO: SA0002 is resting [Thu May 04 15:45:36 CEST 2023]
INFO: Now food at storage: 0 [Thu May 04 15:45:37 CEST 2023]
INFO: Now food at storage: 5 [Thu May 04 15:45:37 CEST 2023]
INFO: WA0006 gets food from storage [Thu May 04 15:45:37 CEST 2023]
INFO: WA0001 places food at storage [Thu May 04 15:45:37 CEST 2023]
INFO: Now food at EATING AREA: 48 [Thu May 04 15:45:37 CEST 2023]
INFO: WA0004 places food at eating area [Thu May 04 15:45:37 CEST 2023]
INFO: WA0001 exit colony [Thu May 04 15:45:37 CEST 2023]
INFO: WA0008 enters colony [Thu May 04 15:45:37 CEST 2023]
INFO: SA0002 is training [Thu May 04 15:45:38 CEST 2023]
INFO: WA0005 harvest food [Thu May 04 15:45:38 CEST 2023]
INFO: WA0005 enters colony [Thu May 04 15:45:39 CEST 2023]
INFO: Now food at storage: 5 [Thu May 04 15:45:39 CEST 2023]
INFO: Now food at storage: 0 [Thu May 04 15:45:39 CEST 2023]
INFO: WA0003 places food at storage [Thu May 04 15:45:39 CEST 2023]
INFO: WA0000 gets food from storage [Thu May 04 15:45:39 CEST 2023]
INFO: WA0003 exit colony [Thu May 04 15:45:39 CEST 2023]
INFO: Now food at EATING AREA: 58 [Thu May 04 15:45:40 CEST 2023]
INFO: WA0006 places food at eating area [Thu May 04 15:45:40 CEST 2023]
INFO: SA0003 enters colony [Thu May 04 15:45:40 CEST 2023]
INFO: SA0003 is training [Thu May 04 15:45:40 CEST 2023]
INFO: WA0007 harvest food [Thu May 04 15:45:40 CEST 2023]
INFO: WA0007 enters colony [Thu May 04 15:45:40 CEST 2023]
INFO: WA0001 harvest food [Thu May 04 15:45:41 CEST 2023]
INFO: WA0001 enters colony [Thu May 04 15:45:41 CEST 2023]
INFO: BA0003 enters colony [Thu May 04 15:45:41 CEST 2023]
INFO: BA0003 goes to shelter [Thu May 04 15:45:41 CEST 2023]
INFO: Now food at storage: 0 [Thu May 04 15:45:41 CEST 2023]
INFO: Now food at storage: 0 [Thu May 04 15:45:41 CEST 2023]
INFO: WA0002 gets food from storage [Thu May 04 15:45:41 CEST 2023]
INFO: WA0005 places food at storage [Thu May 04 15:45:41 CEST 2023]
INFO: WA0005 exit colony [Thu May 04 15:45:41 CEST 2023]
INFO: Now food at EATING AREA: 68 [Thu May 04 15:45:42 CEST 2023]
INFO: WA0000 places food at eating area [Thu May 04 15:45:42 CEST 2023]
INFO: WA0009 enters colony [Thu May 04 15:45:43 CEST 2023]
INFO: Now food at storage: 5 [Thu May 04 15:45:43 CEST 2023]
INFO: Now food at storage: 0 [Thu May 04 15:45:43 CEST 2023]
INFO: WA0007 places food at storage [Thu May 04 15:45:43 CEST 2023]
INFO: WA0004 gets food from storage [Thu May 04 15:45:43 CEST 2023]
INFO: WA0009 exit colony [Thu May 04 15:45:43 CEST 2023]
INFO: WA0007 exit colony [Thu May 04 15:45:43 CEST 2023]
INFO: WA0003 harvest food [Thu May 04 15:45:43 CEST 2023]
INFO: WA0003 enters colony [Thu May 04 15:45:43 CEST 2023]
INFO: SA0003 is resting [Thu May 04 15:45:44 CEST 2023]
INFO: Now food at storage: 0 [Thu May 04 15:45:44 CEST 2023]
INFO: Now food at storage: 5 [Thu May 04 15:45:44 CEST 2023]
INFO: WA0008 gets food from storage [Thu May 04 15:45:44 CEST 2023]
INFO: WA0001 places food at storage [Thu May 04 15:45:44 CEST 2023]
INFO: WA0001 exit colony [Thu May 04 15:45:44 CEST 2023]
INFO: Now food at EATING AREA: 78 [Thu May 04 15:45:44 CEST 2023]
INFO: WA0002 places food at eating area [Thu May 04 15:45:44 CEST 2023]
INFO: SA0002 is resting [Thu May 04 15:45:45 CEST 2023]
INFO: WA0010 enters colony [Thu May 04 15:45:45 CEST 2023]
INFO: WA0005 harvest food [Thu May 04 15:45:45 CEST 2023]
INFO: WA0005 enters colony [Thu May 04 15:45:45 CEST 2023]
INFO: SA0003 is training [Thu May 04 15:45:46 CEST 2023]
INFO: Now food at storage: 0 [Thu May 04 15:45:46 CEST 2023]
INFO: Now food at storage: 5 [Thu May 04 15:45:46 CEST 2023]
INFO: WA0006 gets food from storage [Thu May 04 15:45:46 CEST 2023]
INFO: WA0003 places food at storage [Thu May 04 15:45:46 CEST 2023]
INFO: WA0003 exit colony [Thu May 04 15:45:46 CEST 2023]
INFO: WA0009 harvest food [Thu May 04 15:45:47 CEST 2023]
INFO: WA0007 harvest food [Thu May 04 15:45:47 CEST 2023]
INFO: WA0009 enters colony [Thu May 04 15:45:47 CEST 2023]
INFO: Now food at EATING AREA: 88 [Thu May 04 15:45:47 CEST 2023]
INFO: WA0004 places food at eating area [Thu May 04 15:45:47 CEST 2023]
INFO: SA0004 enters colony [Thu May 04 15:45:47 CEST 2023]
INFO: SA0004 is training [Thu May 04 15:45:47 CEST 2023]
INFO: WA0007 enters colony [Thu May 04 15:45:47 CEST 2023]
INFO: SA0002 is training [Thu May 04 15:45:47 CEST 2023]
INFO: SA0000 fight ended [Thu May 04 15:45:47 CEST 2023]
INFO: SA0000 ant is resuming [Thu May 04 15:45:47 CEST 2023]
INFO: BA0002 exits shelter [Thu May 04 15:45:47 CEST 2023]
INFO: Now food at EATING AREA: 84 [Thu May 04 15:45:47 CEST 2023]
INFO: SA0001 fight ended [Thu May 04 15:45:47 CEST 2023]
INFO: SA0001 ant is resuming [Thu May 04 15:45:47 CEST 2023]
INFO: BA0001 exits shelter [Thu May 04 15:45:47 CEST 2023]
INFO: Now food at EATING AREA: 80 [Thu May 04 15:45:47 CEST 2023]
INFO: BA0000 exits shelter [Thu May 04 15:45:47 CEST 2023]
INFO: Now food at EATING AREA: 76 [Thu May 04 15:45:47 CEST 2023]
INFO: BA0003 exits shelter [Thu May 04 15:45:47 CEST 2023]
INFO: Now food at EATING AREA: 72 [Thu May 04 15:45:47 CEST 2023]
INFO: SA0000 is training [Thu May 04 15:45:47 CEST 2023]
INFO: Now food at EATING AREA: 82 [Thu May 04 15:45:47 CEST 2023]
INFO: WA0008 places food at eating area [Thu May 04 15:45:47 CEST 2023]
INFO: SA0001 is training [Thu May 04 15:45:47 CEST 2023]
INFO: WA0001 harvest food [Thu May 04 15:45:48 CEST 2023]
INFO: WA0001 enters colony [Thu May 04 15:45:48 CEST 2023]
INFO: SA0003 is resting [Thu May 04 15:45:48 CEST 2023]
INFO: BA0004 enters colony [Thu May 04 15:45:49 CEST 2023]
INFO: Now food at EATING AREA: 78 [Thu May 04 15:45:49 CEST 2023]
INFO: Now food at storage: 0 [Thu May 04 15:45:49 CEST 2023]
INFO: Now food at storage: 5 [Thu May 04 15:45:49 CEST 2023]
INFO: WA0000 gets food from storage [Thu May 04 15:45:49 CEST 2023]
INFO: WA0005 places food at storage [Thu May 04 15:45:49 CEST 2023]
INFO: WA0005 exit colony [Thu May 04 15:45:49 CEST 2023]
INFO: SA0003 is training [Thu May 04 15:45:50 CEST 2023]
INFO: Now food at EATING AREA: 88 [Thu May 04 15:45:50 CEST 2023]
INFO: WA0006 places food at eating area [Thu May 04 15:45:50 CEST 2023]
INFO: WA0003 harvest food [Thu May 04 15:45:50 CEST 2023]
INFO: WA0003 enters colony [Thu May 04 15:45:50 CEST 2023]
INFO: Now food at storage: 5 [Thu May 04 15:45:50 CEST 2023]
INFO: Now food at storage: 0 [Thu May 04 15:45:50 CEST 2023]
INFO: WA0002 gets food from storage [Thu May 04 15:45:50 CEST 2023]
INFO: WA0007 places food at storage [Thu May 04 15:45:50 CEST 2023]
INFO: WA0007 exit colony [Thu May 04 15:45:51 CEST 2023]
INFO: Now food at storage: 0 [Thu May 04 15:45:51 CEST 2023]
INFO: Now food at storage: 0 [Thu May 04 15:45:51 CEST 2023]
INFO: WA0010 gets food from storage [Thu May 04 15:45:51 CEST 2023]
INFO: WA0009 places food at storage [Thu May 04 15:45:51 CEST 2023]
INFO: WA0009 exit colony [Thu May 04 15:45:51 CEST 2023]
INFO: Now food at storage: 0 [Thu May 04 15:45:52 CEST 2023]
INFO: Now food at storage: 0 [Thu May 04 15:45:52 CEST 2023]
INFO: WA0004 gets food from storage [Thu May 04 15:45:52 CEST 2023]
INFO: WA0001 places food at storage [Thu May 04 15:45:52 CEST 2023]
INFO: WA0001 exit colony [Thu May 04 15:45:52 CEST 2023]
INFO: SA0004 is resting [Thu May 04 15:45:52 CEST 2023]
INFO: WA0011 enters colony [Thu May 04 15:45:52 CEST 2023]
INFO: SA0001 is resting [Thu May 04 15:45:52 CEST 2023]
INFO: WA0011 exit colony [Thu May 04 15:45:52 CEST 2023]
INFO: SA0003 is resting [Thu May 04 15:45:53 CEST 2023]
INFO: WA0012 enters colony [Thu May 04 15:45:53 CEST 2023]
INFO: SA0002 is resting [Thu May 04 15:45:53 CEST 2023]
INFO: WA0005 harvest food [Thu May 04 15:45:53 CEST 2023]
INFO: Now food at EATING AREA: 98 [Thu May 04 15:45:53 CEST 2023]
INFO: WA0002 places food at eating area [Thu May 04 15:45:53 CEST 2023]
INFO: WA0005 enters colony [Thu May 04 15:45:53 CEST 2023]
INFO: Now food at EATING AREA: 108 [Thu May 04 15:45:53 CEST 2023]
INFO: WA0000 places food at eating area [Thu May 04 15:45:53 CEST 2023]
INFO: SA0004 is training [Thu May 04 15:45:54 CEST 2023]
INFO: SA0000 is resting [Thu May 04 15:45:54 CEST 2023]
INFO: Now food at storage: 5 [Thu May 04 15:45:54 CEST 2023]
INFO: Now food at storage: 0 [Thu May 04 15:45:54 CEST 2023]
INFO: WA0003 places food at storage [Thu May 04 15:45:54 CEST 2023]
INFO: WA0008 gets food from storage [Thu May 04 15:45:54 CEST 2023]
INFO: WA0003 exit colony [Thu May 04 15:45:54 CEST 2023]
INFO: SA0001 is training [Thu May 04 15:45:54 CEST 2023]
INFO: SA0003 is training [Thu May 04 15:45:55 CEST 2023]
INFO: WA0007 harvest food [Thu May 04 15:45:55 CEST 2023]
INFO: WA0007 enters colony [Thu May 04 15:45:55 CEST 2023]
INFO: WA0009 harvest food [Thu May 04 15:45:55 CEST 2023]
INFO: SA0005 enters colony [Thu May 04 15:45:55 CEST 2023]
INFO: SA0005 is training [Thu May 04 15:45:55 CEST 2023]
INFO: Now food at EATING AREA: 118 [Thu May 04 15:45:55 CEST 2023]
INFO: WA0010 places food at eating area [Thu May 04 15:45:55 CEST 2023]
INFO: WA0009 enters colony [Thu May 04 15:45:55 CEST 2023]
INFO: Now food at EATING AREA: 114 [Thu May 04 15:45:55 CEST 2023]
INFO: SA0002 is training [Thu May 04 15:45:55 CEST 2023]
INFO: Now food at EATING AREA: 110 [Thu May 04 15:45:55 CEST 2023]
INFO: WA0001 harvest food [Thu May 04 15:45:56 CEST 2023]
INFO: Now food at EATING AREA: 106 [Thu May 04 15:45:56 CEST 2023]
INFO: WA0001 enters colony [Thu May 04 15:45:56 CEST 2023]
INFO: Now food at EATING AREA: 116 [Thu May 04 15:45:56 CEST 2023]
INFO: WA0004 places food at eating area [Thu May 04 15:45:56 CEST 2023]
INFO: Now food at EATING AREA: 112 [Thu May 04 15:45:56 CEST 2023]
INFO: SA0000 is training [Thu May 04 15:45:56 CEST 2023]
INFO: WA0011 harvest food [Thu May 04 15:45:56 CEST 2023]
INFO: WA0011 enters colony [Thu May 04 15:45:56 CEST 2023]
INFO: BA0005 enters colony [Thu May 04 15:45:56 CEST 2023]
INFO: Now food at EATING AREA: 108 [Thu May 04 15:45:56 CEST 2023]
INFO: SA0003 is resting [Thu May 04 15:45:57 CEST 2023]
INFO: Now food at storage: 0 [Thu May 04 15:45:57 CEST 2023]
INFO: Now food at storage: 0 [Thu May 04 15:45:57 CEST 2023]
INFO: WA0005 places food at storage [Thu May 04 15:45:57 CEST 2023]
INFO: WA0006 gets food from storage [Thu May 04 15:45:57 CEST 2023]
INFO: WA0005 exit colony [Thu May 04 15:45:57 CEST 2023]
INFO: Now food at storage: 0 [Thu May 04 15:45:58 CEST 2023]
INFO: WA0000 gets food from storage [Thu May 04 15:45:58 CEST 2023]
INFO: Now food at storage: 0 [Thu May 04 15:45:58 CEST 2023]
INFO: WA0007 places food at storage [Thu May 04 15:45:58 CEST 2023]
INFO: WA0007 exit colony [Thu May 04 15:45:58 CEST 2023]
INFO: Now food at EATING AREA: 104 [Thu May 04 15:45:58 CEST 2023]
INFO: WA0013 enters colony [Thu May 04 15:45:58 CEST 2023]
INFO: Now food at storage: 0 [Thu May 04 15:45:58 CEST 2023]
INFO: Now food at storage: 5 [Thu May 04 15:45:58 CEST 2023]
INFO: WA0012 gets food from storage [Thu May 04 15:45:58 CEST 2023]
INFO: WA0001 places food at storage [Thu May 04 15:45:58 CEST 2023]
INFO: WA0013 exit colony [Thu May 04 15:45:58 CEST 2023]
INFO: WA0001 exit colony [Thu May 04 15:45:58 CEST 2023]
INFO: WA0003 harvest food [Thu May 04 15:45:58 CEST 2023]
INFO: SA0002 is resting [Thu May 04 15:45:58 CEST 2023]
INFO: WA0003 enters colony [Thu May 04 15:45:58 CEST 2023]
INFO: Now food at EATING AREA: 114 [Thu May 04 15:45:58 CEST 2023]
INFO: WA0008 places food at eating area [Thu May 04 15:45:58 CEST 2023]
INFO: Now food at storage: 5 [Thu May 04 15:45:59 CEST 2023]
INFO: Now food at storage: 0 [Thu May 04 15:45:59 CEST 2023]
INFO: WA0009 places food at storage [Thu May 04 15:45:59 CEST 2023]
INFO: WA0002 gets food from storage [Thu May 04 15:45:59 CEST 2023]
INFO: WA0009 exit colony [Thu May 04 15:45:59 CEST 2023]
INFO: SA0003 is training [Thu May 04 15:45:59 CEST 2023]
INFO: WA0014 enters colony [Thu May 04 15:45:59 CEST 2023]
INFO: SA0000 is resting [Thu May 04 15:45:59 CEST 2023]
INFO: SA0001 is resting [Thu May 04 15:45:59 CEST 2023]
INFO: SA0002 is training [Thu May 04 15:46:00 CEST 2023]
INFO: SA0004 is resting [Thu May 04 15:46:00 CEST 2023]
INFO: SA0006 enters colony [Thu May 04 15:46:00 CEST 2023]
INFO: SA0006 is training [Thu May 04 15:46:00 CEST 2023]
INFO: Now food at storage: 0 [Thu May 04 15:46:00 CEST 2023]
INFO: Now food at storage: 0 [Thu May 04 15:46:00 CEST 2023]
INFO: WA0010 gets food from storage [Thu May 04 15:46:00 CEST 2023]
INFO: WA0011 places food at storage [Thu May 04 15:46:00 CEST 2023]
INFO: WA0011 exit colony [Thu May 04 15:46:01 CEST 2023]
INFO: Now food at EATING AREA: 124 [Thu May 04 15:46:01 CEST 2023]
INFO: WA0000 places food at eating area [Thu May 04 15:46:01 CEST 2023]
INFO: Now food at EATING AREA: 134 [Thu May 04 15:46:01 CEST 2023]
INFO: WA0002 places food at eating area [Thu May 04 15:46:01 CEST 2023]
INFO: WA0005 harvest food [Thu May 04 15:46:01 CEST 2023]
INFO: SA0000 is training [Thu May 04 15:46:01 CEST 2023]
INFO: WA0005 enters colony [Thu May 04 15:46:01 CEST 2023]
INFO: SA0001 is training [Thu May 04 15:46:01 CEST 2023]
INFO: SA0005 is resting [Thu May 04 15:46:02 CEST 2023]
INFO: Now food at EATING AREA: 144 [Thu May 04 15:46:02 CEST 2023]
INFO: WA0006 places food at eating area [Thu May 04 15:46:02 CEST 2023]
INFO: WA0007 harvest food [Thu May 04 15:46:02 CEST 2023]
INFO: WA0007 enters colony [Thu May 04 15:46:02 CEST 2023]
INFO: WA0013 harvest food [Thu May 04 15:46:02 CEST 2023]
INFO: Now food at EATING AREA: 154 [Thu May 04 15:46:02 CEST 2023]
INFO: WA0012 places food at eating area [Thu May 04 15:46:02 CEST 2023]
INFO: WA0001 harvest food [Thu May 04 15:46:02 CEST 2023]
INFO: WA0013 enters colony [Thu May 04 15:46:02 CEST 2023]
INFO: Now food at storage: 0 [Thu May 04 15:46:02 CEST 2023]
INFO: Now food at storage: 5 [Thu May 04 15:46:02 CEST 2023]
INFO: WA0004 gets food from storage [Thu May 04 15:46:02 CEST 2023]
INFO: WA0003 places food at storage [Thu May 04 15:46:02 CEST 2023]
INFO: WA0001 enters colony [Thu May 04 15:46:02 CEST 2023]
INFO: WA0003 exit colony [Thu May 04 15:46:02 CEST 2023]
INFO: SA0004 is training [Thu May 04 15:46:02 CEST 2023]
INFO: SA0003 is resting [Thu May 04 15:46:02 CEST 2023]
INFO: SA0006 is resting [Thu May 04 15:46:03 CEST 2023]
INFO: WA0009 harvest food [Thu May 04 15:46:03 CEST 2023]
INFO: WA0009 enters colony [Thu May 04 15:46:03 CEST 2023]
INFO: Now food at EATING AREA: 150 [Thu May 04 15:46:03 CEST 2023]
INFO: SA0005 is training [Thu May 04 15:46:04 CEST 2023]
INFO: Now food at EATING AREA: 146 [Thu May 04 15:46:04 CEST 2023]
INFO: BA0006 enters colony [Thu May 04 15:46:04 CEST 2023]
INFO: Now food at EATING AREA: 142 [Thu May 04 15:46:04 CEST 2023]
INFO: Now food at storage: 5 [Thu May 04 15:46:04 CEST 2023]
INFO: Now food at storage: 0 [Thu May 04 15:46:04 CEST 2023]
INFO: WA0005 places food at storage [Thu May 04 15:46:04 CEST 2023]
INFO: WA0014 gets food from storage [Thu May 04 15:46:04 CEST 2023]
INFO: WA0005 exit colony [Thu May 04 15:46:04 CEST 2023]
INFO: Now food at EATING AREA: 152 [Thu May 04 15:46:04 CEST 2023]
INFO: WA0010 places food at eating area [Thu May 04 15:46:04 CEST 2023]
INFO: Now food at storage: 0 [Thu May 04 15:46:04 CEST 2023]
INFO: Now food at storage: 0 [Thu May 04 15:46:04 CEST 2023]
INFO: WA0008 gets food from storage [Thu May 04 15:46:04 CEST 2023]
INFO: WA0007 places food at storage [Thu May 04 15:46:04 CEST 2023]
INFO: SA0003 is training [Thu May 04 15:46:04 CEST 2023]
INFO: WA0007 exit colony [Thu May 04 15:46:04 CEST 2023]
INFO: SA0000 is resting [Thu May 04 15:46:04 CEST 2023]
INFO: Now food at storage: 5 [Thu May 04 15:46:04 CEST 2023]
INFO: Now food at storage: 0 [Thu May 04 15:46:04 CEST 2023]
INFO: WA0013 places food at storage [Thu May 04 15:46:04 CEST 2023]
INFO: WA0000 gets food from storage [Thu May 04 15:46:04 CEST 2023]
INFO: Now food at EATING AREA: 148 [Thu May 04 15:46:05 CEST 2023]
INFO: WA0013 exit colony [Thu May 04 15:46:05 CEST 2023]
INFO: WA0011 harvest food [Thu May 04 15:46:05 CEST 2023]
INFO: SA0006 is training [Thu May 04 15:46:05 CEST 2023]
INFO: WA0011 enters colony [Thu May 04 15:46:05 CEST 2023]
INFO: Now food at EATING AREA: 144 [Thu May 04 15:46:05 CEST 2023]
